 Date: 15/04/2022  Time: 19:41

 Reading APAME input file... Done!

     Job name: apame_input

     Total number of panels:       1770
     ...excluding wake panels:     1740

     KEYWORD values:
         Airspeed:                 .10000E+03
         Density:                  .12250E+01
         Atmospheric pressure:     .10132E+06
         Mach number:              .00000E+00
         Wing span:                .15000E+02
         Mean aerodynamic chord:   .10000E+01
         Wing surface:             .15000E+02
         Origin:                   .00000E+00 .00000E+00 .00000E+00
         Singularity method:       constant source/doublet
         Error parameter:          .10000E-06
         Farfield parameter:       .50000E+01
         Collocation calculation:  approximative
         Velocity interp. order:   linear
         Curvature corr. angle:    .17900E+03

     Angles of interest [deg]:
         Angles of attack:   5.0
         Sideslip angles:    0.0

 Calculating grid information... Done!

     Time for preprocessing.............................:   0.055 s

 Calculating influence coefficients... Done!

     Time for calculating influence coefficients........:   0.148 s

 Calculating right-hand side... Done!

     Time for calculating right-hand side...............:   0.008 s

 Solving system of equations... Done!

     Time for solving system of equations...............:   0.078 s

 Postprocessing... Done!

     Time for postprocessing............................:   0.117 s

     Coefficients in body reference frame:
              CX      CY      CZ      CL      CM      CN
         -0.0277 -0.0002  0.3335  0.0079 -0.1110 -0.0002

     Coefficients in aerodynamic reference frame:
              CD      CK      CL
          0.0015 -0.0002  0.3347

 Writing results file... Done!

     Time for writing results file......................:   0.031 s

 Job complete!

