 Date: 18/04/2022  Time: 18:15

 Reading APAME input file... Done!

     Job name: apame_input

     Total number of panels:       1534
     ...excluding wake panels:     1508

     KEYWORD values:
         Airspeed:                 .10000E+03
         Density:                  .12250E+01
         Atmospheric pressure:     .10132E+06
         Mach number:              .00000E+00
         Wing span:                .13000E+02
         Mean aerodynamic chord:   .13500E+01
         Wing surface:             .17550E+02
         Origin:                   .00000E+00 .00000E+00 .00000E+00
         Singularity method:       constant source/doublet
         Error parameter:          .10000E-06
         Farfield parameter:       .50000E+01
         Collocation calculation:  approximative
         Velocity interp. order:   linear
         Curvature corr. angle:    .17900E+03

     Angles of interest [deg]:
         Angles of attack:   5.0
         Sideslip angles:    0.0

 Calculating grid information... Done!

     Time for preprocessing.............................:   0.070 s

 Calculating influence coefficients... Done!

     Time for calculating influence coefficients........:   0.156 s

 Calculating right-hand side... Done!

     Time for calculating right-hand side...............:   0.000 s

 Solving system of equations... Done!

     Time for solving system of equations...............:   0.063 s

 Postprocessing... Done!

     Time for postprocessing............................:   0.125 s

     Coefficients in body reference frame:
              CX      CY      CZ      CL      CM      CN
         -0.0311 -0.0004  0.4483  0.0184 -0.2654 -0.0013

     Coefficients in aerodynamic reference frame:
              CD      CK      CL
          0.0081 -0.0004  0.4493

 Writing results file... Done!

     Time for writing results file......................:   0.000 s

 Job complete!

