 Date: 11/12/2021  Time: 17:52

 Reading APAME input file... Done!

     Job name: wings_rewrite

     Total number of panels:       1188
     ...excluding wake panels:     1176

     KEYWORD values:
         Airspeed:                 .10000E+03
         Density:                  .12250E+01
         Atmospheric pressure:     .10132E+06
         Mach number:              .00000E+00
         Wing span:                .10000E+02
         Mean aerodynamic chord:   .10000E+01
         Wing surface:             .10000E+02
         Origin:                   .00000E+00 .00000E+00 .00000E+00
         Singularity method:       constant source/doublet
         Error parameter:          .10000E-06
         Farfield parameter:       .50000E+01
         Collocation calculation:  approximative
         Velocity interp. order:   linear
         Curvature corr. angle:    .17900E+03

     Angles of interest [deg]:
         Angles of attack:   0.0
         Sideslip angles:    0.0

 Calculating grid information... Done!

     Time for preprocessing.............................:   0.047 s

 Calculating influence coefficients... Done!

     Time for calculating influence coefficients........:   0.102 s

 Calculating right-hand side... Done!

     Time for calculating right-hand side...............:   0.004 s

 Solving system of equations... Done!

     Time for solving system of equations...............:   0.035 s

 Postprocessing... Done!

     Time for postprocessing............................:   0.090 s

     Coefficients in body reference frame:
              CX      CY      CZ      CL      CM      CN
         -0.0009 -0.0000  0.1336  0.0067 -0.0436 -0.0011

     Coefficients in aerodynamic reference frame:
              CD      CK      CL
         -0.0009 -0.0000  0.1336

 Writing results file... Done!

     Time for writing results file......................:   0.078 s

 Job complete!

