 Date: 04/04/2022  Time: 11:37

 Reading APAME input file... Done!

     Job name: apame_input

     Total number of panels:       1652
     ...excluding wake panels:     1624

     KEYWORD values:
         Airspeed:                 .10000E+03
         Density:                  .12250E+01
         Atmospheric pressure:     .10132E+06
         Mach number:              .00000E+00
         Wing span:                .13500E+02
         Mean aerodynamic chord:   .11750E+01
         Wing surface:             .16550E+02
         Origin:                   .00000E+00 .00000E+00 .00000E+00
         Singularity method:       constant source/doublet
         Error parameter:          .10000E-06
         Farfield parameter:       .50000E+01
         Collocation calculation:  approximative
         Velocity interp. order:   linear
         Curvature corr. angle:    .17900E+03

     Angles of interest [deg]:
         Angles of attack:   2.0
         Sideslip angles:    0.0

 Calculating grid information... Done!

     Time for preprocessing.............................:   0.082 s

 Calculating influence coefficients... Done!

     Time for calculating influence coefficients........:   0.160 s

 Calculating right-hand side... Done!

     Time for calculating right-hand side...............:   0.008 s

 Solving system of equations... Done!

     Time for solving system of equations...............:   0.102 s

 Postprocessing... Done!

     Time for postprocessing............................:   0.137 s

     Coefficients in body reference frame:
              CX      CY      CZ      CL      CM      CN
          0.0120 -0.0001  0.2671  0.0058 -0.1661 -0.0003

     Coefficients in aerodynamic reference frame:
              CD      CK      CL
          0.0213 -0.0001  0.2666

 Writing results file... Done!

     Time for writing results file......................:   0.004 s

 Job complete!

